Examples/UIExplorer/android/app/build/outputs/logs/manifest-merger-debug-report.txt
-- Merging decision tree log ---
manifest
ADDED from src/main/AndroidManifest.xml:2:1-48:12
	package
		ADDED from src/main/AndroidManifest.xml:4:3-37
		INJECTED from src/main/AndroidManifest.xml
		INJECTED from src/main/AndroidManifest.xml
	android:versionName
		ADDED from src/main/AndroidManifest.xml:6:3-28
		INJECTED from src/main/AndroidManifest.xml
		INJECTED from src/main/AndroidManifest.xml
	android:versionCode
		ADDED from src/main/AndroidManifest.xml:5:3-26
		INJECTED from src/main/AndroidManifest.xml
		INJECTED from src/main/AndroidManifest.xml
	xmlns:android
		ADDED from src/main/AndroidManifest.xml:3:3-61
uses-permission#android.permission.INTERNET
ADDED from src/main/AndroidManifest.xml:8:3-65
	android:name
		ADDED from src/main/AndroidManifest.xml:8:20-62
uses-permission#android.permission.ACCESS_NETWORK_STATE
ADDED from src/main/AndroidManifest.xml:9:3-76
	android:name
		ADDED from src/main/AndroidManifest.xml:9:20-74
uses-permission#android.permission.ACCESS_FINE_LOCATION
ADDED from src/main/AndroidManifest.xml:10:3-76
	android:name
		ADDED from src/main/AndroidManifest.xml:10:20-74
uses-permission#android.permission.SYSTEM_ALERT_WINDOW
ADDED from src/main/AndroidManifest.xml:11:3-75
MERGED from [com.facebook.react:ReactAndroid:0.42.0] AndroidManifest.xml:11:5-78
	android:name
		ADDED from src/main/AndroidManifest.xml:11:20-73
uses-permission#android.permission.VIBRATE
ADDED from src/main/AndroidManifest.xml:12:3-63
	android:name
		ADDED from src/main/AndroidManifest.xml:12:20-61
uses-permission#android.permission.CAMERA
ADDED from src/main/AndroidManifest.xml:15:3-62
	android:name
		ADDED from src/main/AndroidManifest.xml:15:20-60
uses-permission#android.permission.READ_CALENDAR
ADDED from src/main/AndroidManifest.xml:16:3-69
	android:name
		ADDED from src/main/AndroidManifest.xml:16:20-67
uses-sdk
ADDED from src/main/AndroidManifest.xml:18:3-20:37
MERGED from [com.facebook.react:ReactAndroid:0.42.0] AndroidManifest.xml:7:5-9:41
MERGED from [com.android.support:appcompat-v7:23.0.1] AndroidManifest.xml:20:5-43
MERGED from [com.android.support:recyclerview-v7:23.4.0] AndroidManifest.xml:20:5-43
MERGED from [com.facebook.fbui.textlayoutbuilder:textlayoutbuilder:1.0.0] AndroidManifest.xml:14:5-16:41
MERGED from [com.facebook.fresco:fresco:0.11.0] AndroidManifest.xml:5:5-7:41
MERGED from [com.facebook.fresco:drawee:0.11.0] AndroidManifest.xml:5:5-7:41
MERGED from [com.facebook.fresco:imagepipeline-okhttp3:0.11.0] AndroidManifest.xml:5:5-7:41
MERGED from [com.facebook.fresco:imagepipeline:0.11.0] AndroidManifest.xml:5:5-7:41
MERGED from [com.facebook.fresco:imagepipeline-base:0.11.0] AndroidManifest.xml:5:5-7:41
MERGED from [com.android.support:support-v4:23.4.0] AndroidManifest.xml:20:5-43
MERGED from [com.facebook.fresco:fbcore:0.11.0] AndroidManifest.xml:5:5-7:41
MERGED from [com.facebook.soloader:soloader:0.1.0] AndroidManifest.xml:2:3-70
	android:targetSdkVersion
		ADDED from src/main/AndroidManifest.xml:20:5-34
		INJECTED from src/main/AndroidManifest.xml
		INJECTED from src/main/AndroidManifest.xml
	android:minSdkVersion
		ADDED from src/main/AndroidManifest.xml:19:5-31
		INJECTED from src/main/AndroidManifest.xml
		INJECTED from src/main/AndroidManifest.xml
application
ADDED from src/main/AndroidManifest.xml:22:3-46:17
MERGED from [com.facebook.react:ReactAndroid:0.42.0] AndroidManifest.xml:13:5-20
MERGED from [com.android.support:appcompat-v7:23.0.1] AndroidManifest.xml:22:5-20
MERGED from [com.android.support:support-v4:23.4.0] AndroidManifest.xml:22:5-20
MERGED from [com.facebook.soloader:soloader:0.1.0] AndroidManifest.xml:3:3-17
MERGED from [org.webkit:android-jsc:r174650] AndroidManifest.xml:2:3-17
	android:label
		ADDED from src/main/AndroidManifest.xml:26:7-39
	android:allowBackup
		ADDED from src/main/AndroidManifest.xml:24:7-33
	android:icon
		ADDED from src/main/AndroidManifest.xml:25:7-45
	android:theme
		ADDED from src/main/AndroidManifest.xml:27:7-63
	android:name
		ADDED from src/main/AndroidManifest.xml:23:7-44
activity#com.facebook.react.uiapp.UIExplorerActivity
ADDED from src/main/AndroidManifest.xml:28:5-44:16
	android:screenOrientation
		ADDED from src/main/AndroidManifest.xml:31:9-47
	android:label
		ADDED from src/main/AndroidManifest.xml:30:9-41
	android:configChanges
		ADDED from src/main/AndroidManifest.xml:32:9-55
	android:name
		ADDED from src/main/AndroidManifest.xml:29:9-43
intent-filter#android.intent.action.MAIN+android.intent.category.LAUNCHER
ADDED from src/main/AndroidManifest.xml:33:7-36:23
action#android.intent.action.MAIN
ADDED from src/main/AndroidManifest.xml:34:9-61
	android:name
		ADDED from src/main/AndroidManifest.xml:34:17-58
category#android.intent.category.LAUNCHER
ADDED from src/main/AndroidManifest.xml:35:9-69
	android:name
		ADDED from src/main/AndroidManifest.xml:35:19-66
intent-filter#android.intent.action.VIEW+android.intent.category.BROWSABLE+android.intent.category.DEFAULT
ADDED from src/main/AndroidManifest.xml:37:7-43:23
action#android.intent.action.VIEW
ADDED from src/main/AndroidManifest.xml:38:9-61
	android:name
		ADDED from src/main/AndroidManifest.xml:38:17-58
category#android.intent.category.DEFAULT
ADDED from src/main/AndroidManifest.xml:39:9-68
	android:name
		ADDED from src/main/AndroidManifest.xml:39:19-65
category#android.intent.category.BROWSABLE
ADDED from src/main/AndroidManifest.xml:40:9-70
	android:name
		ADDED from src/main/AndroidManifest.xml:40:19-67
data
ADDED from src/main/AndroidManifest.xml:42:9-70
	android:host
		ADDED from src/main/AndroidManifest.xml:42:45-67
	android:scheme
		ADDED from src/main/AndroidManifest.xml:42:15-44
activity#com.facebook.react.devsupport.DevSettingsActivity
ADDED from src/main/AndroidManifest.xml:45:5-82
	android:name
		ADDED from src/main/AndroidManifest.xml:45:15-79
android:uses-permission#android.permission.WRITE_EXTERNAL_STORAGE
IMPLIED from src/main/AndroidManifest.xml:2:1-48:12 reason: org.webkit.android_jsc has a targetSdkVersion < 4
android:uses-permission#android.permission.READ_PHONE_STATE
IMPLIED from src/main/AndroidManifest.xml:2:1-48:12 reason: org.webkit.android_jsc has a targetSdkVersion < 4
android:uses-permission#android.permission.READ_EXTERNAL_STORAGE
IMPLIED from src/main/AndroidManifest.xml:2:1-48:12 reason: org.webkit.android_jsc requested WRITE_EXTERNAL_STORAGE